  main.cpp
c:\users\deukyeolchoe\desktop\(2016.02.18)webbrowser\(2016.02.17)webbrowser\webbrowser\webbrowser\Imager.h(17): warning C4005: '_UNICODE': macro redefinition
  c:\users\deukyeolchoe\desktop\(2016.02.18)webbrowser\(2016.02.17)webbrowser\webbrowser\webbrowser\Imager.h(17): note: command-line arguments:  see previous definition of '_UNICODE'
c:\users\deukyeolchoe\desktop\(2016.02.18)webbrowser\(2016.02.17)webbrowser\webbrowser\webbrowser\Imager.h(18): warning C4005: 'UNICODE': macro redefinition
  c:\users\deukyeolchoe\desktop\(2016.02.18)webbrowser\(2016.02.17)webbrowser\webbrowser\webbrowser\Imager.h(18): note: command-line arguments:  see previous definition of 'UNICODE'
main.cpp(262): warning C4267: '=': conversion from 'size_t' to 'int', possible loss of data
main.cpp(307): warning C4267: 'argument': conversion from 'size_t' to 'int', possible loss of data
main.cpp(362): warning C4267: 'argument': conversion from 'size_t' to 'int', possible loss of data
main.cpp(375): warning C4267: 'argument': conversion from 'size_t' to 'int', possible loss of data
main.cpp(388): warning C4267: 'argument': conversion from 'size_t' to 'int', possible loss of data
main.cpp(401): warning C4267: 'argument': conversion from 'size_t' to 'int', possible loss of data
main.cpp(414): warning C4267: 'argument': conversion from 'size_t' to 'int', possible loss of data
main.cpp(427): warning C4267: 'argument': conversion from 'size_t' to 'int', possible loss of data
main.cpp(452): warning C4267: 'argument': conversion from 'size_t' to 'int', possible loss of data
main.cpp(465): warning C4267: 'initializing': conversion from 'size_t' to 'int', possible loss of data
main.cpp(476): warning C4267: 'argument': conversion from 'size_t' to 'int', possible loss of data
main.cpp(490): warning C4267: 'argument': conversion from 'size_t' to 'int', possible loss of data
main.cpp(504): warning C4267: 'argument': conversion from 'size_t' to 'int', possible loss of data
main.cpp(529): warning C4267: 'argument': conversion from 'size_t' to 'int', possible loss of data
main.cpp(546): warning C4267: '=': conversion from 'size_t' to 'int', possible loss of data
main.cpp(547): warning C4267: '=': conversion from 'size_t' to 'int', possible loss of data
main.cpp(551): warning C4267: 'argument': conversion from 'size_t' to 'int', possible loss of data
main.cpp(567): warning C4267: '=': conversion from 'size_t' to 'int', possible loss of data
main.cpp(568): warning C4267: '=': conversion from 'size_t' to 'int', possible loss of data
main.cpp(573): warning C4267: 'argument': conversion from 'size_t' to 'int', possible loss of data
main.cpp(618): warning C4267: 'argument': conversion from 'size_t' to 'int', possible loss of data
main.cpp(734): warning C4267: 'argument': conversion from 'size_t' to 'int', possible loss of data
  Generating code
  1 of 1703 functions ( 0.1%) were compiled, the rest were copied from previous compilation.
    0 functions were new in current compilation
    21 functions had inline decision re-evaluated but remain unchanged
  Finished generating code
  WebBrowser.vcxproj -> C:\Users\DEUKYEOLCHOE\Desktop\(2016.02.18)WebBrowser\(2016.02.17)WebBrowser\WebBrowser\x64\Release\WebBrowser.exe
