Build started 2/20/2016 2:59:03 AM.
     1>Project "C:\Users\Deukyeol\Desktop\MyGitHub\WebBrowser\WebBrowser\WebBrowser.vcxproj" on node 2 (Build target(s)).
     1>ClCompile:
         C:\Program Files (x86)\Microsoft Visual Studio 14.0\VC\bin\CL.exe /c /ZI /nologo /W3 /WX- /Od /Oy- /D WIN32 /D _DEBUG /D _WINDOWS /D _UNICODE /D UNICODE /Gm /EHsc /RTC1 /MDd /GS /fp:precise /Zc:wchar_t /Zc:forScope /Zc:inline /Fo"Debug\\" /Fd"Debug\vc140.pdb" /Gd /TP /analyze- /errorReport:prompt main.cpp
         main.cpp
     1>c:\users\deukyeol\desktop\mygithub\webbrowser\webbrowser\main.cpp(171): warning C4018: '<': signed/unsigned mismatch
     1>c:\users\deukyeol\desktop\mygithub\webbrowser\webbrowser\main.cpp(263): warning C4018: '<': signed/unsigned mismatch
     1>c:\users\deukyeol\desktop\mygithub\webbrowser\webbrowser\main.cpp(334): warning C4018: '<': signed/unsigned mismatch
     1>c:\users\deukyeol\desktop\mygithub\webbrowser\webbrowser\main.cpp(527): warning C4018: '<': signed/unsigned mismatch
     1>c:\users\deukyeol\desktop\mygithub\webbrowser\webbrowser\main.cpp(753): warning C4715: 'executeCmd': not all control paths return a value
       Link:
         C:\Program Files (x86)\Microsoft Visual Studio 14.0\VC\bin\link.exe /ERRORREPORT:PROMPT /OUT:"C:\Users\Deukyeol\Desktop\MyGitHub\WebBrowser\Debug\WebBrowser.exe" /INCREMENTAL /NOLOGO kernel32.lib user32.lib gdi32.lib winspool.lib comdlg32.lib advapi32.lib shell32.lib ole32.lib oleaut32.lib uuid.lib odbc32.lib odbccp32.lib /MANIFEST /MANIFESTUAC:"level='asInvoker' uiAccess='false'" /manifest:embed /Debug /PDB:"C:\Users\Deukyeol\Desktop\MyGitHub\WebBrowser\Debug\WebBrowser.pdb" /SUBSYSTEM:WINDOWS /TLBID:1 /DYNAMICBASE /NXCOMPAT /IMPLIB:"C:\Users\Deukyeol\Desktop\MyGitHub\WebBrowser\Debug\WebBrowser.lib" /MACHINE:X86 Debug\tree.obj
         Debug\imager.obj
         Debug\parser.obj
         Debug\socket.obj
         Debug\main.obj
         Debug\validate.obj
         WebBrowser.vcxproj -> C:\Users\Deukyeol\Desktop\MyGitHub\WebBrowser\Debug\WebBrowser.exe
     1>Done Building Project "C:\Users\Deukyeol\Desktop\MyGitHub\WebBrowser\WebBrowser\WebBrowser.vcxproj" (Build target(s)).

Build succeeded.

Time Elapsed 00:00:01.89
