  validate.cpp
c:\users\deukyeolchoe\desktop\(2016.02.18)webbrowser\(2016.02.17)webbrowser\webbrowser\webbrowser\validate.cpp(17): warning C4267: '=': conversion from 'size_t' to 'int', possible loss of data
c:\users\deukyeolchoe\desktop\(2016.02.18)webbrowser\(2016.02.17)webbrowser\webbrowser\webbrowser\validate.cpp(40): warning C4267: '=': conversion from 'size_t' to 'int', possible loss of data
c:\users\deukyeolchoe\desktop\(2016.02.18)webbrowser\(2016.02.17)webbrowser\webbrowser\webbrowser\validate.cpp(60): warning C4267: '=': conversion from 'size_t' to 'int', possible loss of data
c:\users\deukyeolchoe\desktop\(2016.02.18)webbrowser\(2016.02.17)webbrowser\webbrowser\webbrowser\validate.cpp(69): warning C4267: '=': conversion from 'size_t' to 'int', possible loss of data
  main.cpp
c:\users\deukyeolchoe\desktop\(2016.02.18)webbrowser\(2016.02.17)webbrowser\webbrowser\webbrowser\main.cpp(262): warning C4267: '=': conversion from 'size_t' to 'int', possible loss of data
c:\users\deukyeolchoe\desktop\(2016.02.18)webbrowser\(2016.02.17)webbrowser\webbrowser\webbrowser\main.cpp(307): warning C4267: 'argument': conversion from 'size_t' to 'int', possible loss of data
c:\users\deukyeolchoe\desktop\(2016.02.18)webbrowser\(2016.02.17)webbrowser\webbrowser\webbrowser\main.cpp(362): warning C4267: 'argument': conversion from 'size_t' to 'int', possible loss of data
c:\users\deukyeolchoe\desktop\(2016.02.18)webbrowser\(2016.02.17)webbrowser\webbrowser\webbrowser\main.cpp(375): warning C4267: 'argument': conversion from 'size_t' to 'int', possible loss of data
c:\users\deukyeolchoe\desktop\(2016.02.18)webbrowser\(2016.02.17)webbrowser\webbrowser\webbrowser\main.cpp(388): warning C4267: 'argument': conversion from 'size_t' to 'int', possible loss of data
c:\users\deukyeolchoe\desktop\(2016.02.18)webbrowser\(2016.02.17)webbrowser\webbrowser\webbrowser\main.cpp(401): warning C4267: 'argument': conversion from 'size_t' to 'int', possible loss of data
c:\users\deukyeolchoe\desktop\(2016.02.18)webbrowser\(2016.02.17)webbrowser\webbrowser\webbrowser\main.cpp(414): warning C4267: 'argument': conversion from 'size_t' to 'int', possible loss of data
c:\users\deukyeolchoe\desktop\(2016.02.18)webbrowser\(2016.02.17)webbrowser\webbrowser\webbrowser\main.cpp(427): warning C4267: 'argument': conversion from 'size_t' to 'int', possible loss of data
c:\users\deukyeolchoe\desktop\(2016.02.18)webbrowser\(2016.02.17)webbrowser\webbrowser\webbrowser\main.cpp(452): warning C4267: 'argument': conversion from 'size_t' to 'int', possible loss of data
c:\users\deukyeolchoe\desktop\(2016.02.18)webbrowser\(2016.02.17)webbrowser\webbrowser\webbrowser\main.cpp(465): warning C4267: 'initializing': conversion from 'size_t' to 'int', possible loss of data
c:\users\deukyeolchoe\desktop\(2016.02.18)webbrowser\(2016.02.17)webbrowser\webbrowser\webbrowser\main.cpp(476): warning C4267: 'argument': conversion from 'size_t' to 'int', possible loss of data
c:\users\deukyeolchoe\desktop\(2016.02.18)webbrowser\(2016.02.17)webbrowser\webbrowser\webbrowser\main.cpp(490): warning C4267: 'argument': conversion from 'size_t' to 'int', possible loss of data
c:\users\deukyeolchoe\desktop\(2016.02.18)webbrowser\(2016.02.17)webbrowser\webbrowser\webbrowser\main.cpp(504): warning C4267: 'argument': conversion from 'size_t' to 'int', possible loss of data
c:\users\deukyeolchoe\desktop\(2016.02.18)webbrowser\(2016.02.17)webbrowser\webbrowser\webbrowser\main.cpp(529): warning C4267: 'argument': conversion from 'size_t' to 'int', possible loss of data
c:\users\deukyeolchoe\desktop\(2016.02.18)webbrowser\(2016.02.17)webbrowser\webbrowser\webbrowser\main.cpp(546): warning C4267: '=': conversion from 'size_t' to 'int', possible loss of data
c:\users\deukyeolchoe\desktop\(2016.02.18)webbrowser\(2016.02.17)webbrowser\webbrowser\webbrowser\main.cpp(547): warning C4267: '=': conversion from 'size_t' to 'int', possible loss of data
c:\users\deukyeolchoe\desktop\(2016.02.18)webbrowser\(2016.02.17)webbrowser\webbrowser\webbrowser\main.cpp(551): warning C4267: 'argument': conversion from 'size_t' to 'int', possible loss of data
c:\users\deukyeolchoe\desktop\(2016.02.18)webbrowser\(2016.02.17)webbrowser\webbrowser\webbrowser\main.cpp(567): warning C4267: '=': conversion from 'size_t' to 'int', possible loss of data
c:\users\deukyeolchoe\desktop\(2016.02.18)webbrowser\(2016.02.17)webbrowser\webbrowser\webbrowser\main.cpp(568): warning C4267: '=': conversion from 'size_t' to 'int', possible loss of data
c:\users\deukyeolchoe\desktop\(2016.02.18)webbrowser\(2016.02.17)webbrowser\webbrowser\webbrowser\main.cpp(573): warning C4267: 'argument': conversion from 'size_t' to 'int', possible loss of data
c:\users\deukyeolchoe\desktop\(2016.02.18)webbrowser\(2016.02.17)webbrowser\webbrowser\webbrowser\main.cpp(618): warning C4267: 'argument': conversion from 'size_t' to 'int', possible loss of data
c:\users\deukyeolchoe\desktop\(2016.02.18)webbrowser\(2016.02.17)webbrowser\webbrowser\webbrowser\main.cpp(734): warning C4267: 'argument': conversion from 'size_t' to 'int', possible loss of data
  socket.cpp
c:\users\deukyeolchoe\desktop\(2016.02.18)webbrowser\(2016.02.17)webbrowser\webbrowser\webbrowser\socket.cpp(45): warning C4267: '=': conversion from 'size_t' to 'int', possible loss of data
c:\users\deukyeolchoe\desktop\(2016.02.18)webbrowser\(2016.02.17)webbrowser\webbrowser\webbrowser\socket.cpp(27): warning C4101: 'split': unreferenced local variable
c:\users\deukyeolchoe\desktop\(2016.02.18)webbrowser\(2016.02.17)webbrowser\webbrowser\webbrowser\socket.cpp(236): warning C4267: 'initializing': conversion from 'size_t' to 'int', possible loss of data
  parser.cpp
c:\users\deukyeolchoe\desktop\(2016.02.18)webbrowser\(2016.02.17)webbrowser\webbrowser\webbrowser\parser.cpp(17): warning C4267: '=': conversion from 'size_t' to 'int', possible loss of data
c:\users\deukyeolchoe\desktop\(2016.02.18)webbrowser\(2016.02.17)webbrowser\webbrowser\webbrowser\parser.cpp(23): warning C4267: '=': conversion from 'size_t' to 'int', possible loss of data
c:\users\deukyeolchoe\desktop\(2016.02.18)webbrowser\(2016.02.17)webbrowser\webbrowser\webbrowser\parser.cpp(42): warning C4267: '=': conversion from 'size_t' to 'int', possible loss of data
c:\users\deukyeolchoe\desktop\(2016.02.18)webbrowser\(2016.02.17)webbrowser\webbrowser\webbrowser\parser.cpp(45): warning C4267: '=': conversion from 'size_t' to 'int', possible loss of data
c:\users\deukyeolchoe\desktop\(2016.02.18)webbrowser\(2016.02.17)webbrowser\webbrowser\webbrowser\parser.cpp(66): warning C4267: '=': conversion from 'size_t' to 'int', possible loss of data
c:\users\deukyeolchoe\desktop\(2016.02.18)webbrowser\(2016.02.17)webbrowser\webbrowser\webbrowser\parser.cpp(87): warning C4267: '=': conversion from 'size_t' to 'int', possible loss of data
c:\users\deukyeolchoe\desktop\(2016.02.18)webbrowser\(2016.02.17)webbrowser\webbrowser\webbrowser\parser.cpp(88): warning C4267: '=': conversion from 'size_t' to 'int', possible loss of data
c:\users\deukyeolchoe\desktop\(2016.02.18)webbrowser\(2016.02.17)webbrowser\webbrowser\webbrowser\parser.cpp(91): warning C4267: '=': conversion from 'size_t' to 'int', possible loss of data
c:\users\deukyeolchoe\desktop\(2016.02.18)webbrowser\(2016.02.17)webbrowser\webbrowser\webbrowser\parser.cpp(122): warning C4244: '=': conversion from 'wchar_t' to 'char', possible loss of data
c:\users\deukyeolchoe\desktop\(2016.02.18)webbrowser\(2016.02.17)webbrowser\webbrowser\webbrowser\parser.cpp(276): warning C4267: '=': conversion from 'size_t' to 'int', possible loss of data
c:\users\deukyeolchoe\desktop\(2016.02.18)webbrowser\(2016.02.17)webbrowser\webbrowser\webbrowser\parser.cpp(277): warning C4267: '=': conversion from 'size_t' to 'int', possible loss of data
  imager.cpp
c:\users\deukyeolchoe\desktop\(2016.02.18)webbrowser\(2016.02.17)webbrowser\webbrowser\webbrowser\imager.cpp(20): warning C4267: 'initializing': conversion from 'size_t' to 'int', possible loss of data
  tree.cpp
c:\users\deukyeolchoe\desktop\(2016.02.18)webbrowser\(2016.02.17)webbrowser\webbrowser\webbrowser\tree.cpp(34): warning C4267: '=': conversion from 'size_t' to 'int', possible loss of data
c:\users\deukyeolchoe\desktop\(2016.02.18)webbrowser\(2016.02.17)webbrowser\webbrowser\webbrowser\tree.cpp(35): warning C4267: '=': conversion from 'size_t' to 'int', possible loss of data
c:\users\deukyeolchoe\desktop\(2016.02.18)webbrowser\(2016.02.17)webbrowser\webbrowser\webbrowser\tree.cpp(42): warning C4267: '=': conversion from 'size_t' to 'int', possible loss of data
c:\users\deukyeolchoe\desktop\(2016.02.18)webbrowser\(2016.02.17)webbrowser\webbrowser\webbrowser\tree.cpp(112): warning C4267: '=': conversion from 'size_t' to 'int', possible loss of data
c:\users\deukyeolchoe\desktop\(2016.02.18)webbrowser\(2016.02.17)webbrowser\webbrowser\webbrowser\tree.cpp(117): warning C4267: '=': conversion from 'size_t' to 'int', possible loss of data
c:\users\deukyeolchoe\desktop\(2016.02.18)webbrowser\(2016.02.17)webbrowser\webbrowser\webbrowser\tree.cpp(122): warning C4267: '=': conversion from 'size_t' to 'int', possible loss of data
c:\users\deukyeolchoe\desktop\(2016.02.18)webbrowser\(2016.02.17)webbrowser\webbrowser\webbrowser\tree.cpp(137): warning C4267: '=': conversion from 'size_t' to 'int', possible loss of data
c:\users\deukyeolchoe\desktop\(2016.02.18)webbrowser\(2016.02.17)webbrowser\webbrowser\webbrowser\tree.cpp(139): warning C4267: '=': conversion from 'size_t' to 'int', possible loss of data
c:\users\deukyeolchoe\desktop\(2016.02.18)webbrowser\(2016.02.17)webbrowser\webbrowser\webbrowser\tree.cpp(152): warning C4267: '=': conversion from 'size_t' to 'int', possible loss of data
c:\users\deukyeolchoe\desktop\(2016.02.18)webbrowser\(2016.02.17)webbrowser\webbrowser\webbrowser\tree.cpp(154): warning C4267: '=': conversion from 'size_t' to 'int', possible loss of data
  Generating Code...
c:\users\deukyeolchoe\desktop\(2016.02.18)webbrowser\(2016.02.17)webbrowser\webbrowser\webbrowser\main.cpp(739): warning C4715: 'executeCmd': not all control paths return a value
  WebBrowser.vcxproj -> C:\Users\DEUKYEOLCHOE\Desktop\(2016.02.18)WebBrowser\(2016.02.17)WebBrowser\WebBrowser\x64\Debug\WebBrowser.exe
